#
# There is insufficient memory for the Java Runtime Environment to continue.
# Native memory allocation (mmap) failed to map 532676608 bytes. Error detail: G1 virtual space
# Possible reasons:
#   The system is out of physical RAM or swap space
#   This process is running with CompressedOops enabled, and the Java Heap may be blocking the growth of the native heap
# Possible solutions:
#   Reduce memory load on the system
#   Increase physical memory or swap space
#   Check if swap backing store is full
#   Decrease Java heap size (-Xmx/-Xms)
#   Decrease number of Java threads
#   Decrease Java thread stack sizes (-Xss)
#   Set larger code cache with -XX:ReservedCodeCacheSize=
#   JVM is running with Zero Based Compressed Oops mode in which the Java heap is
#     placed in the first 32GB address space. The Java Heap base address is the
#     maximum limit for the native heap growth. Please use -XX:HeapBaseMinAddress
#     to set the Java Heap base and to place the Java Heap above 32GB virtual address.
# This output file may be truncated or incomplete.
#
#  Out of Memory Error (os_windows.cpp:3631), pid=32532, tid=32564
#
# JRE version:  (22.0.2+9) (build )
# Java VM: OpenJDK 64-Bit Server VM (22.0.2+9-70, mixed mode, sharing, tiered, compressed oops, compressed class ptrs, g1 gc, windows-amd64)
# No core dump will be written. Minidumps are not enabled by default on client versions of Windows
#

---------------  S U M M A R Y ------------

Command Line: C:\Users\moaz.nageb\AppData\Local\Temp\surefire10301883639656756543\surefirebooter-20250311130114349_3.jar C:\Users\moaz.nageb\AppData\Local\Temp\surefire10301883639656756543 2025-03-11T13-00-59_960-jvmRun1 surefire-20250311130114349_1tmp surefire_0-20250311130114349_2tmp

Host: 11th Gen Intel(R) Core(TM) i7-1165G7 @ 2.80GHz, 8 cores, 31G,  Windows 11 , 64 bit Build 22621 (10.0.22621.4830)
Time: Tue Mar 11 13:01:41 2025 Egypt Standard Time elapsed time: 11.286551 seconds (0d 0h 0m 11s)

---------------  T H R E A D  ---------------

Current thread (0x00000216e15be110):  JavaThread "Unknown thread" [_thread_in_vm, id=32564, stack(0x0000001fe8c00000,0x0000001fe8d00000) (1024K)]

Stack: [0x0000001fe8c00000,0x0000001fe8d00000]
Native frames: (J=compiled Java code, j=interpreted, Vv=VM code, C=native code)
V  [jvm.dll+0x6e26e9]  (no source info available)
V  [jvm.dll+0x875753]  (no source info available)
V  [jvm.dll+0x877b7e]  (no source info available)
V  [jvm.dll+0x878253]  (no source info available)
V  [jvm.dll+0x27fc86]  (no source info available)
V  [jvm.dll+0x6ded85]  (no source info available)
V  [jvm.dll+0x6d388a]  (no source info available)
V  [jvm.dll+0x358b8a]  (no source info available)
V  [jvm.dll+0x3610b6]  (no source info available)
V  [jvm.dll+0x3b419e]  (no source info available)
V  [jvm.dll+0x3b4448]  (no source info available)
V  [jvm.dll+0x32c5ec]  (no source info available)
V  [jvm.dll+0x32d258]  (no source info available)
V  [jvm.dll+0x83d5ac]  (no source info available)
V  [jvm.dll+0x3c10d1]  (no source info available)
V  [jvm.dll+0x8264cc]  (no source info available)
V  [jvm.dll+0x45bd5e]  (no source info available)
V  [jvm.dll+0x45dbe1]  (no source info available)
C  [jli.dll+0x52a3]  (no source info available)
C  [ucrtbase.dll+0x29333]  (no source info available)
C  [KERNEL32.DLL+0x1259d]  (no source info available)
C  [ntdll.dll+0x5af38]  (no source info available)


---------------  P R O C E S S  ---------------

Threads class SMR info:
_java_thread_list=0x00007ffb2ec7c1c8, length=0, elements={
}

Java Threads: ( => current thread )
Total: 0

Other Threads:
  0x00000216e1932660 WorkerThread "GC Thread#0"                     [id=12844, stack(0x0000001fe8e00000,0x0000001fe8f00000) (1024K)]
  0x00000216e1943c20 ConcurrentGCThread "G1 Main Marker"            [id=16236, stack(0x0000001fe8f00000,0x0000001fe9000000) (1024K)]
  0x00000216e1944730 WorkerThread "G1 Conc#0"                       [id=29668, stack(0x0000000000000000,0x0000000000000000) (0B)]

[error occurred during error reporting (printing all threads), id 0xc0000005, EXCEPTION_ACCESS_VIOLATION (0xc0000005) at pc=0x00007ffb2e3cf517]
VM state: not at safepoint (not fully initialized)

VM Mutex/Monitor currently owned by a thread:  ([mutex/lock_event])
[0x00007ffb2ecfcc80] Heap_lock - owner thread: 0x00000216e15be110

Heap address: 0x0000000604800000, size: 8120 MB, Compressed Oops mode: Zero based, Oop shift amount: 3

CDS archive(s) mapped at: [0x0000000000000000-0x0000000000000000-0x0000000000000000), size 0, SharedBaseAddress: 0x0000000800000000, ArchiveRelocationMode: 1.
Narrow klass base: 0x0000000000000000, Narrow klass shift: 0, Narrow klass range: 0x0

GC Precious Log:
 CardTable entry size: 512
 Card Set container configuration: InlinePtr #cards 4 size 8 Array Of Cards #cards 32 size 80 Howl #buckets 8 coarsen threshold 7372 Howl Bitmap #cards 1024 size 144 coarsen threshold 921 Card regions per heap region 1 cards per card region 8192

Heap:
 garbage-first heap   total reserved 8314880K, committed 0K, used 0K [0x0000000604800000, 0x0000000800000000)
  region size 4096K, 0 young (0K), 0 survivors (0K)

[error occurred during error reporting (printing heap information), id 0xc0000005, EXCEPTION_ACCESS_VIOLATION (0xc0000005) at pc=0x00007ffb2e7ce869]
GC Heap History (0 events):
No events

Dll operation events (1 events):
Event: 11.271 Loaded shared library C:\Users\moaz.nageb\.jdks\openjdk-22.0.2\bin\java.dll

Deoptimization events (0 events):
No events

Classes loaded (0 events):
No events

Classes unloaded (0 events):
No events

Classes redefined (0 events):
No events

Internal exceptions (0 events):
No events

ZGC Phase Switch (0 events):
No events

VM Operations (0 events):
No events

Memory protections (0 events):
No events

Nmethod flushes (0 events):
No events

Events (0 events):
No events


Dynamic libraries:
0x00007ff653f40000 - 0x00007ff653f4e000 	C:\Users\moaz.nageb\.jdks\openjdk-22.0.2\bin\java.exe
0x00007ffbdd970000 - 0x00007ffbddb87000 	C:\Windows\SYSTEM32\ntdll.dll
0x00007ffbdcae0000 - 0x00007ffbdcba4000 	C:\Windows\System32\KERNEL32.DLL
0x00007ffbdaea0000 - 0x00007ffbdb270000 	C:\Windows\System32\KERNELBASE.dll
0x00007ffbdad80000 - 0x00007ffbdae91000 	C:\Windows\System32\ucrtbase.dll
0x00007ffbca880000 - 0x00007ffbca897000 	C:\Users\moaz.nageb\.jdks\openjdk-22.0.2\bin\jli.dll
0x00007ffbdb920000 - 0x00007ffbdbace000 	C:\Windows\System32\USER32.dll
0x00007ffbdb270000 - 0x00007ffbdb296000 	C:\Windows\System32\win32u.dll
0x00007ffbdcf40000 - 0x00007ffbdcf69000 	C:\Windows\System32\GDI32.dll
0x00007ffbdb510000 - 0x00007ffbdb62b000 	C:\Windows\System32\gdi32full.dll
0x00007ffbdacb0000 - 0x00007ffbdad4a000 	C:\Windows\System32\msvcp_win.dll
0x00007ffbca860000 - 0x00007ffbca87b000 	C:\Users\moaz.nageb\.jdks\openjdk-22.0.2\bin\VCRUNTIME140.dll
0x00007ffbc60d0000 - 0x00007ffbc6362000 	C:\Windows\WinSxS\amd64_microsoft.windows.common-controls_6595b64144ccf1df_6.0.22621.4830_none_270fe7d773858e80\COMCTL32.dll
0x00007ffbdd460000 - 0x00007ffbdd507000 	C:\Windows\System32\msvcrt.dll
0x00007ffbdd2c0000 - 0x00007ffbdd2f1000 	C:\Windows\System32\IMM32.DLL
0x00007ffbb84b0000 - 0x00007ffbb84bc000 	C:\Users\moaz.nageb\.jdks\openjdk-22.0.2\bin\vcruntime140_1.dll
0x00007ffbaa7f0000 - 0x00007ffbaa87e000 	C:\Users\moaz.nageb\.jdks\openjdk-22.0.2\bin\msvcp140.dll
0x00007ffb2e090000 - 0x00007ffb2edd9000 	C:\Users\moaz.nageb\.jdks\openjdk-22.0.2\bin\server\jvm.dll
0x00007ffbdd3a0000 - 0x00007ffbdd451000 	C:\Windows\System32\ADVAPI32.dll
0x00007ffbdd210000 - 0x00007ffbdd2b7000 	C:\Windows\System32\sechost.dll
0x00007ffbdad50000 - 0x00007ffbdad78000 	C:\Windows\System32\bcrypt.dll
0x00007ffbdd510000 - 0x00007ffbdd624000 	C:\Windows\System32\RPCRT4.dll
0x00007ffbdbbd0000 - 0x00007ffbdbc41000 	C:\Windows\System32\WS2_32.dll
0x00007ffbda1a0000 - 0x00007ffbda1ed000 	C:\Windows\SYSTEM32\POWRPROF.dll
0x00007ffbd24f0000 - 0x00007ffbd2524000 	C:\Windows\SYSTEM32\WINMM.dll
0x00007ffbcda40000 - 0x00007ffbcda4a000 	C:\Windows\SYSTEM32\VERSION.dll
0x00007ffbda180000 - 0x00007ffbda193000 	C:\Windows\SYSTEM32\UMPDC.dll
0x00007ffbd9c60000 - 0x00007ffbd9c78000 	C:\Windows\SYSTEM32\kernel.appcore.dll
0x00007ffbb84a0000 - 0x00007ffbb84aa000 	C:\Users\moaz.nageb\.jdks\openjdk-22.0.2\bin\jimage.dll
0x00007ffbd8320000 - 0x00007ffbd8552000 	C:\Windows\SYSTEM32\DBGHELP.DLL
0x00007ffbdcbb0000 - 0x00007ffbdcf40000 	C:\Windows\System32\combase.dll
0x00007ffbdd130000 - 0x00007ffbdd207000 	C:\Windows\System32\OLEAUT32.dll
0x00007ffbcf900000 - 0x00007ffbcf932000 	C:\Windows\SYSTEM32\dbgcore.DLL
0x00007ffbdb320000 - 0x00007ffbdb39b000 	C:\Windows\System32\bcryptPrimitives.dll
0x00007ffbb8470000 - 0x00007ffbb848e000 	C:\Users\moaz.nageb\.jdks\openjdk-22.0.2\bin\java.dll
0x00007ffbdc130000 - 0x00007ffbdc9a8000 	C:\Windows\System32\SHELL32.dll
0x00007ffbdb770000 - 0x00007ffbdb911000 	C:\Windows\System32\ole32.dll

dbghelp: loaded successfully - version: 4.0.5 - missing functions: none
symbol engine: initialized successfully - sym options: 0x614 - pdb path: .;C:\Users\moaz.nageb\.jdks\openjdk-22.0.2\bin;C:\Windows\SYSTEM32;C:\Windows\WinSxS\amd64_microsoft.windows.common-controls_6595b64144ccf1df_6.0.22621.4830_none_270fe7d773858e80;C:\Users\moaz.nageb\.jdks\openjdk-22.0.2\bin\server

VM Arguments:
java_command: C:\Users\moaz.nageb\AppData\Local\Temp\surefire10301883639656756543\surefirebooter-20250311130114349_3.jar C:\Users\moaz.nageb\AppData\Local\Temp\surefire10301883639656756543 2025-03-11T13-00-59_960-jvmRun1 surefire-20250311130114349_1tmp surefire_0-20250311130114349_2tmp
java_class_path (initial): C:\Users\moaz.nageb\AppData\Local\Temp\surefire10301883639656756543\surefirebooter-20250311130114349_3.jar
Launcher Type: SUN_STANDARD

[Global flags]
     intx CICompilerCount                          = 4                                         {product} {ergonomic}
     uint ConcGCThreads                            = 2                                         {product} {ergonomic}
     uint G1ConcRefinementThreads                  = 8                                         {product} {ergonomic}
   size_t G1HeapRegionSize                         = 4194304                                   {product} {ergonomic}
   size_t InitialHeapSize                          = 532676608                                 {product} {ergonomic}
   size_t MarkStackSize                            = 4194304                                   {product} {ergonomic}
   size_t MaxHeapSize                              = 8514437120                                {product} {ergonomic}
   size_t MinHeapDeltaBytes                        = 4194304                                   {product} {ergonomic}
   size_t MinHeapSize                              = 8388608                                   {product} {ergonomic}
    uintx NonNMethodCodeHeapSize                   = 5839372                                {pd product} {ergonomic}
    uintx NonProfiledCodeHeapSize                  = 122909434                              {pd product} {ergonomic}
    uintx ProfiledCodeHeapSize                     = 122909434                              {pd product} {ergonomic}
    uintx ReservedCodeCacheSize                    = 251658240                              {pd product} {ergonomic}
     bool SegmentedCodeCache                       = true                                      {product} {ergonomic}
   size_t SoftMaxHeapSize                          = 8514437120                             {manageable} {ergonomic}
     bool UseCompressedOops                        = true                           {product lp64_product} {ergonomic}
     bool UseG1GC                                  = true                                      {product} {ergonomic}
     bool UseLargePagesIndividualAllocation        = false                                  {pd product} {ergonomic}

Logging:
Log output configuration:
 #0: stdout all=warning uptime,level,tags foldmultilines=false
 #1: stderr all=off uptime,level,tags foldmultilines=false

Environment Variables:
PATH=C:\Program Files\Common Files\Oracle\Java\javapath;C:\Program Files (x86)\Common Files\Oracle\Java\java8path;C:\Program Files (x86)\Common Files\Oracle\Java\javapath;C:\Program Files (x86)\VMware\VMware Workstation\bin\;C:\Windows\system32;C:\Windows;C:\Windows\System32\Wbem;C:\Windows\System32\WindowsPowerShell\v1.0\;C:\Windows\System32\OpenSSH\;C:\Program Files\NVIDIA Corporation\NVIDIA NvDLISR;C:\Program Files\nodejs\;C:\Program Files\Java\jdk-1.8\bin;C:\Program Files\Git\cmd;C:\ProgramData\chocolatey\bin;C:\Program Files\TortoiseGit\bin;C:\Program Files\Java\openlogic-openjdk-17.0.14+7-windows-x64\bin;C:\Program Files\Docker\Docker\resources\bin;C:\Program Files\apache-maven-3.9.9\bin;C:\Program Files\MySQL\MySQL Shell 8.0\bin\;C:\Users\moaz.nageb\AppData\Local\Microsoft\WindowsApps;C:\Users\moaz.nageb\AppData\Roaming\npm;C:\Users\moaz.nageb\AppData\Local\Programs\Microsoft VS Code\bin;C:\Users\moaz.nageb\AppData\Local\Microsoft\WinGet\Packages\Helm.Helm_Microsoft.Winget.Source_8wekyb3d8bbwe\windows-amd64;;C:\Program Files\JetBrains\IntelliJ IDEA Community Edition 2024.2.0.2\bin;;C:\Users\moaz.nageb\AppData\Local\Programs\Windsurf\bin
USERNAME=moaz.nageb
OS=Windows_NT
PROCESSOR_IDENTIFIER=Intel64 Family 6 Model 140 Stepping 1, GenuineIntel
TMP=C:\Users\MOAZ~1.NAG\AppData\Local\Temp
TEMP=C:\Users\MOAZ~1.NAG\AppData\Local\Temp




Periodic native trim disabled

---------------  S Y S T E M  ---------------

OS:
 Windows 11 , 64 bit Build 22621 (10.0.22621.4830)
OS uptime: 0 days 0:53 hours
Hyper-V role detected

CPU: total 8 (initial active 8) (4 cores per cpu, 2 threads per core) family 6 model 140 stepping 1 microcode 0x86, cx8, cmov, fxsr, ht, mmx, 3dnowpref, sse, sse2, sse3, ssse3, sse4.1, sse4.2, popcnt, lzcnt, tsc, tscinvbit, avx, avx2, aes, erms, clmul, bmi1, bmi2, adx, avx512f, avx512dq, avx512cd, avx512bw, avx512vl, sha, fma, vzeroupper, avx512_vpopcntdq, avx512_vpclmulqdq, avx512_vaes, avx512_vnni, clflush, clflushopt, clwb, avx512_vbmi2, avx512_vbmi, hv, rdtscp, rdpid, fsrm, gfni, avx512_bitalg, f16c, cet_ibt, cet_ss, avx512_ifma
Processor Information for all 8 processors :
  Max Mhz: 2803, Current Mhz: 1001, Mhz Limit: 2803

Memory: 4k page, system-wide physical 32466M (10846M free)
TotalPageFile size 64447M (AvailPageFile size 158M)
current process WorkingSet (physical memory assigned to process): 12M, peak: 12M
current process commit charge ("private bytes"): 61M, peak: 568M

vm_info: OpenJDK 64-Bit Server VM (22.0.2+9-70) for windows-amd64 JRE (22.0.2+9-70), built on 2024-06-04T16:52:23Z by "mach5one" with MS VC++ 17.6 (VS2022)

END.
